[0m19:58:35.035027 [debug] [MainThread]: Sending event: {'category': 'dbt', 'action': 'invocation', 'label': 'start', 'context': [<snowplow_tracker.self_describing_json.SelfDescribingJson object at 0x7ff4a86cf400>, <snowplow_tracker.self_describing_json.SelfDescribingJson object at 0x7ff49ac99480>, <snowplow_tracker.self_describing_json.SelfDescribingJson object at 0x7ff49ac997e0>]}


============================== 19:58:35.039282 | a41cd405-7ea9-4197-9fd6-1dd71f04e91c ==============================
[0m19:58:35.039282 [info ] [MainThread]: Running with dbt=1.6.1
[0m19:58:35.039757 [debug] [MainThread]: running dbt with arguments {'printer_width': '80', 'indirect_selection': 'eager', 'write_json': 'True', 'log_cache_events': 'False', 'partial_parse': 'True', 'cache_selected_only': 'False', 'profiles_dir': '/Users/dhanashreenangre/.dbt', 'version_check': 'True', 'fail_fast': 'False', 'log_path': '/Users/dhanashreenangre/nyc_parking_violations/logs', 'debug': 'False', 'warn_error': 'None', 'use_colors': 'True', 'use_experimental_parser': 'False', 'no_print': 'None', 'quiet': 'False', 'warn_error_options': 'WarnErrorOptions(include=[], exclude=[])', 'static_parser': 'True', 'introspect': 'True', 'log_format': 'default', 'target_path': 'None', 'invocation_command': 'dbt debug', 'send_anonymous_usage_stats': 'True'}
[0m19:58:35.040171 [info ] [MainThread]: dbt version: 1.6.1
[0m19:58:35.040395 [info ] [MainThread]: python version: 3.10.9
[0m19:58:35.040605 [info ] [MainThread]: python path: /Users/dhanashreenangre/anaconda3/bin/python
[0m19:58:35.040812 [info ] [MainThread]: os info: macOS-10.16-x86_64-i386-64bit
[0m19:58:35.041052 [info ] [MainThread]: Using profiles dir at /Users/dhanashreenangre/.dbt
[0m19:58:35.041260 [info ] [MainThread]: Using profiles.yml file at /Users/dhanashreenangre/.dbt/profiles.yml
[0m19:58:35.041466 [info ] [MainThread]: Using dbt_project.yml file at /Users/dhanashreenangre/nyc_parking_violations/dbt_project.yml
[0m19:58:35.062950 [info ] [MainThread]: Configuration:
[0m19:58:35.063252 [info ] [MainThread]:   profiles.yml file [[31mERROR not found[0m]
[0m19:58:35.063479 [info ] [MainThread]:   dbt_project.yml file [[32mOK found and valid[0m]
[0m19:58:35.063689 [info ] [MainThread]: Required dependencies:
[0m19:58:35.063958 [debug] [MainThread]: Executing "git --help"
[0m19:58:35.121885 [debug] [MainThread]: STDOUT: "b"usage: git [-v | --version] [-h | --help] [-C <path>] [-c <name>=<value>]\n           [--exec-path[=<path>]] [--html-path] [--man-path] [--info-path]\n           [-p | --paginate | -P | --no-pager] [--no-replace-objects] [--bare]\n           [--git-dir=<path>] [--work-tree=<path>] [--namespace=<name>]\n           [--super-prefix=<path>] [--config-env=<name>=<envvar>]\n           <command> [<args>]\n\nThese are common Git commands used in various situations:\n\nstart a working area (see also: git help tutorial)\n   clone     Clone a repository into a new directory\n   init      Create an empty Git repository or reinitialize an existing one\n\nwork on the current change (see also: git help everyday)\n   add       Add file contents to the index\n   mv        Move or rename a file, a directory, or a symlink\n   restore   Restore working tree files\n   rm        Remove files from the working tree and from the index\n\nexamine the history and state (see also: git help revisions)\n   bisect    Use binary search to find the commit that introduced a bug\n   diff      Show changes between commits, commit and working tree, etc\n   grep      Print lines matching a pattern\n   log       Show commit logs\n   show      Show various types of objects\n   status    Show the working tree status\n\ngrow, mark and tweak your common history\n   branch    List, create, or delete branches\n   commit    Record changes to the repository\n   merge     Join two or more development histories together\n   rebase    Reapply commits on top of another base tip\n   reset     Reset current HEAD to the specified state\n   switch    Switch branches\n   tag       Create, list, delete or verify a tag object signed with GPG\n\ncollaborate (see also: git help workflows)\n   fetch     Download objects and refs from another repository\n   pull      Fetch from and integrate with another repository or a local branch\n   push      Update remote refs along with associated objects\n\n'git help -a' and 'git help -g' list available subcommands and some\nconcept guides. See 'git help <command>' or 'git help <concept>'\nto read about a specific subcommand or concept.\nSee 'git help git' for an overview of the system.\n""
[0m19:58:35.122778 [debug] [MainThread]: STDERR: "b''"
[0m19:58:35.123079 [info ] [MainThread]:  - git [[32mOK found[0m]

[0m19:58:35.123338 [info ] [MainThread]: Connection test skipped since no profile was found
[0m19:58:35.123584 [info ] [MainThread]: [31m1 check failed:[0m
[0m19:58:35.123808 [info ] [MainThread]: dbt looked for a profiles.yml file in /Users/dhanashreenangre/.dbt/profiles.yml, but did
not find one. For more information on configuring your profile, consult the
documentation:

https://docs.getdbt.com/docs/configure-your-profile


[0m19:58:35.124715 [debug] [MainThread]: Command `dbt debug` failed at 19:58:35.124402 after 0.12 seconds
[0m19:58:35.125125 [debug] [MainThread]: Sending event: {'category': 'dbt', 'action': 'invocation', 'label': 'end', 'context': [<snowplow_tracker.self_describing_json.SelfDescribingJson object at 0x7ff4a86cf400>, <snowplow_tracker.self_describing_json.SelfDescribingJson object at 0x7ff49ac9a170>, <snowplow_tracker.self_describing_json.SelfDescribingJson object at 0x7ff49ac99f60>]}
[0m19:58:35.125498 [debug] [MainThread]: Flushing usage events
[0m19:59:44.829435 [debug] [MainThread]: Sending event: {'category': 'dbt', 'action': 'invocation', 'label': 'start', 'context': [<snowplow_tracker.self_describing_json.SelfDescribingJson object at 0x7ff3f07053f0>, <snowplow_tracker.self_describing_json.SelfDescribingJson object at 0x7ff3e2b81510>, <snowplow_tracker.self_describing_json.SelfDescribingJson object at 0x7ff3e2b81870>]}


============================== 19:59:44.833632 | 470f0db7-6247-4cf8-89c1-a2cbfaf6f2fd ==============================
[0m19:59:44.833632 [info ] [MainThread]: Running with dbt=1.6.1
[0m19:59:44.834078 [debug] [MainThread]: running dbt with arguments {'printer_width': '80', 'indirect_selection': 'eager', 'write_json': 'True', 'log_cache_events': 'False', 'partial_parse': 'True', 'cache_selected_only': 'False', 'profiles_dir': '/Users/dhanashreenangre/.dbt', 'version_check': 'True', 'debug': 'False', 'log_path': '/Users/dhanashreenangre/nyc_parking_violations/logs', 'fail_fast': 'False', 'warn_error': 'None', 'use_colors': 'True', 'use_experimental_parser': 'False', 'no_print': 'None', 'quiet': 'False', 'log_format': 'default', 'introspect': 'True', 'invocation_command': 'dbt debug', 'warn_error_options': 'WarnErrorOptions(include=[], exclude=[])', 'target_path': 'None', 'static_parser': 'True', 'send_anonymous_usage_stats': 'True'}
[0m19:59:44.834481 [info ] [MainThread]: dbt version: 1.6.1
[0m19:59:44.834707 [info ] [MainThread]: python version: 3.10.9
[0m19:59:44.834931 [info ] [MainThread]: python path: /Users/dhanashreenangre/anaconda3/bin/python
[0m19:59:44.835143 [info ] [MainThread]: os info: macOS-10.16-x86_64-i386-64bit
[0m19:59:44.835389 [info ] [MainThread]: Using profiles dir at /Users/dhanashreenangre/.dbt
[0m19:59:44.835601 [info ] [MainThread]: Using profiles.yml file at /Users/dhanashreenangre/.dbt/profiles.yml
[0m19:59:44.835807 [info ] [MainThread]: Using dbt_project.yml file at /Users/dhanashreenangre/nyc_parking_violations/dbt_project.yml
[0m19:59:44.855759 [info ] [MainThread]: Configuration:
[0m19:59:44.856070 [info ] [MainThread]:   profiles.yml file [[31mERROR not found[0m]
[0m19:59:44.856299 [info ] [MainThread]:   dbt_project.yml file [[32mOK found and valid[0m]
[0m19:59:44.856512 [info ] [MainThread]: Required dependencies:
[0m19:59:44.856791 [debug] [MainThread]: Executing "git --help"
[0m19:59:44.886813 [debug] [MainThread]: STDOUT: "b"usage: git [-v | --version] [-h | --help] [-C <path>] [-c <name>=<value>]\n           [--exec-path[=<path>]] [--html-path] [--man-path] [--info-path]\n           [-p | --paginate | -P | --no-pager] [--no-replace-objects] [--bare]\n           [--git-dir=<path>] [--work-tree=<path>] [--namespace=<name>]\n           [--super-prefix=<path>] [--config-env=<name>=<envvar>]\n           <command> [<args>]\n\nThese are common Git commands used in various situations:\n\nstart a working area (see also: git help tutorial)\n   clone     Clone a repository into a new directory\n   init      Create an empty Git repository or reinitialize an existing one\n\nwork on the current change (see also: git help everyday)\n   add       Add file contents to the index\n   mv        Move or rename a file, a directory, or a symlink\n   restore   Restore working tree files\n   rm        Remove files from the working tree and from the index\n\nexamine the history and state (see also: git help revisions)\n   bisect    Use binary search to find the commit that introduced a bug\n   diff      Show changes between commits, commit and working tree, etc\n   grep      Print lines matching a pattern\n   log       Show commit logs\n   show      Show various types of objects\n   status    Show the working tree status\n\ngrow, mark and tweak your common history\n   branch    List, create, or delete branches\n   commit    Record changes to the repository\n   merge     Join two or more development histories together\n   rebase    Reapply commits on top of another base tip\n   reset     Reset current HEAD to the specified state\n   switch    Switch branches\n   tag       Create, list, delete or verify a tag object signed with GPG\n\ncollaborate (see also: git help workflows)\n   fetch     Download objects and refs from another repository\n   pull      Fetch from and integrate with another repository or a local branch\n   push      Update remote refs along with associated objects\n\n'git help -a' and 'git help -g' list available subcommands and some\nconcept guides. See 'git help <command>' or 'git help <concept>'\nto read about a specific subcommand or concept.\nSee 'git help git' for an overview of the system.\n""
[0m19:59:44.887733 [debug] [MainThread]: STDERR: "b''"
[0m19:59:44.888045 [info ] [MainThread]:  - git [[32mOK found[0m]

[0m19:59:44.888300 [info ] [MainThread]: Connection test skipped since no profile was found
[0m19:59:44.888543 [info ] [MainThread]: [31m1 check failed:[0m
[0m19:59:44.888782 [info ] [MainThread]: dbt looked for a profiles.yml file in /Users/dhanashreenangre/.dbt/profiles.yml, but did
not find one. For more information on configuring your profile, consult the
documentation:

https://docs.getdbt.com/docs/configure-your-profile


[0m19:59:44.889692 [debug] [MainThread]: Command `dbt debug` failed at 19:59:44.889383 after 0.09 seconds
[0m19:59:44.890114 [debug] [MainThread]: Sending event: {'category': 'dbt', 'action': 'invocation', 'label': 'end', 'context': [<snowplow_tracker.self_describing_json.SelfDescribingJson object at 0x7ff3f07053f0>, <snowplow_tracker.self_describing_json.SelfDescribingJson object at 0x7ff3e2b81cf0>, <snowplow_tracker.self_describing_json.SelfDescribingJson object at 0x7ff3e2b83520>]}
[0m19:59:44.890507 [debug] [MainThread]: Flushing usage events
